[stamped] /Users/ssuladze/Documents/Dev/ClearGate/.cleargate/delivery/pending-sync/TEST-999-smoke.md (TEST-999)
Gate: story.ready-for-execution (enforcing)
❌ parent-epic-ref-set: expected parent_epic_ref != "null", got undefined
❌ implementation-files-declared: section 3 not found (body has 0 sections)
❌ dod-declared: section 4 not found (body has 0 sections)
❌ gherkin-present: 'Scenario:' not found in body
wiki ingest: cannot determine bucket for /Users/ssuladze/Documents/Dev/ClearGate/.cleargate/delivery/pending-sync/TEST-999-smoke.md: deriveBucket: cannot determine bucket for filename: TEST-999-smoke.md
[2026-04-19T14:43:17Z] stamp=0 gate=1 ingest=1 file=/Users/ssuladze/Documents/Dev/ClearGate/.cleargate/delivery/pending-sync/TEST-999-smoke.md
[stamp-tokens] error: cannot determine work_item_id from frontmatter or filename: /Users/ssuladze/Documents/Dev/ClearGate/.cleargate/delivery/pending-sync/SPRINT-05_ClearGate_Process_Refinement.md
[cleargate gate] error: unable to detect work-item type from frontmatter in: /Users/ssuladze/Documents/Dev/ClearGate/.cleargate/delivery/pending-sync/SPRINT-05_ClearGate_Process_Refinement.md
wiki ingest: update sprints/SPRINT-05.md
[2026-04-19T16:05:49Z] stamp=1 gate=1 ingest=0 file=/Users/ssuladze/Documents/Dev/ClearGate/.cleargate/delivery/pending-sync/SPRINT-05_ClearGate_Process_Refinement.md
[stamp-tokens] error: cannot determine work_item_id from frontmatter or filename: /Users/ssuladze/Documents/Dev/ClearGate/.cleargate/delivery/INDEX.md
[cleargate gate] error: unable to detect work-item type from frontmatter in: /Users/ssuladze/Documents/Dev/ClearGate/.cleargate/delivery/INDEX.md
wiki ingest: cannot determine bucket for /Users/ssuladze/Documents/Dev/ClearGate/.cleargate/delivery/INDEX.md: deriveBucket: cannot determine bucket for filename: INDEX.md
[2026-04-19T16:09:01Z] stamp=1 gate=1 ingest=1 file=/Users/ssuladze/Documents/Dev/ClearGate/.cleargate/delivery/INDEX.md
[stamped] /Users/ssuladze/Documents/Dev/CG_TEST/.cleargate/delivery/pending-sync/PROPOSAL-001-Resume_Landing_Page.md (PROP-001)
Gate: proposal.ready-for-decomposition (advisory)
✅ proposal.ready-for-decomposition passed (3 criteria)
wiki ingest: /Users/ssuladze/Documents/Dev/CG_TEST/.cleargate/delivery/pending-sync/PROPOSAL-001-Resume_Landing_Page.md not under .cleargate/delivery/
[2026-04-19T17:53:00Z] stamp=0 gate=0 ingest=2 file=/Users/ssuladze/Documents/Dev/CG_TEST/.cleargate/delivery/pending-sync/PROPOSAL-001-Resume_Landing_Page.md
[stamped] /Users/ssuladze/Documents/Dev/ClearGate/.cleargate/delivery/pending-sync/CR-001_Flashcard_Triggers_And_Cleanup.md (CR-001)
Gate: cr.ready-to-apply (enforcing)
✅ cr.ready-to-apply passed (3 criteria)
wiki ingest: create crs/CR-001.md
[2026-04-19T18:23:31Z] stamp=0 gate=0 ingest=0 file=/Users/ssuladze/Documents/Dev/ClearGate/.cleargate/delivery/pending-sync/CR-001_Flashcard_Triggers_And_Cleanup.md
[stamped] /Users/ssuladze/Documents/Dev/ClearGate/.cleargate/delivery/pending-sync/EPIC-011_End_To_End_Production_Readiness.md (EPIC-011)
Gate: epic.ready-for-decomposition (enforcing)
❌ interrogation-resolved: 1 occurrence at §9
wiki ingest: create epics/EPIC-011.md
[2026-04-20T13:11:12Z] stamp=0 gate=1 ingest=0 file=/Users/ssuladze/Documents/Dev/ClearGate/.cleargate/delivery/pending-sync/EPIC-011_End_To_End_Production_Readiness.md
[stamped] /Users/ssuladze/Documents/Dev/ClearGate/.cleargate/delivery/pending-sync/EPIC-011_End_To_End_Production_Readiness.md (EPIC-011)
Gate: epic.ready-for-decomposition (enforcing)
✅ epic.ready-for-decomposition passed (5 criteria)
wiki ingest: update epics/EPIC-011.md
[2026-04-20T13:11:35Z] stamp=0 gate=0 ingest=0 file=/Users/ssuladze/Documents/Dev/ClearGate/.cleargate/delivery/pending-sync/EPIC-011_End_To_End_Production_Readiness.md
[stamped] /Users/ssuladze/Documents/Dev/CG_TEST/.cleargate/delivery/pending-sync/PROPOSAL-E2E-01_Smoke_Test_Proposal.md (PROPOSAL-E2E-01)
Gate: proposal.ready-for-decomposition (advisory)
⚠ architecture-populated: section 2 has 0 listed-item (≥1 required) (advisory)
wiki ingest: /Users/ssuladze/Documents/Dev/CG_TEST/.cleargate/delivery/pending-sync/PROPOSAL-E2E-01_Smoke_Test_Proposal.md not under .cleargate/delivery/
[2026-04-20T17:29:13Z] stamp=0 gate=0 ingest=2 file=/Users/ssuladze/Documents/Dev/CG_TEST/.cleargate/delivery/pending-sync/PROPOSAL-E2E-01_Smoke_Test_Proposal.md
[stamped] /Users/ssuladze/Documents/Dev/CG_TEST/.cleargate/delivery/pending-sync/PROPOSAL-E2E-01_Smoke_Test_Proposal.md (PROPOSAL-E2E-01)
Gate: proposal.ready-for-decomposition (advisory)
✅ proposal.ready-for-decomposition passed (3 criteria)
wiki ingest: /Users/ssuladze/Documents/Dev/CG_TEST/.cleargate/delivery/pending-sync/PROPOSAL-E2E-01_Smoke_Test_Proposal.md not under .cleargate/delivery/
[2026-04-20T17:29:45Z] stamp=0 gate=0 ingest=2 file=/Users/ssuladze/Documents/Dev/CG_TEST/.cleargate/delivery/pending-sync/PROPOSAL-E2E-01_Smoke_Test_Proposal.md
