[2026-04-17T21:23:40Z] wrote row: agent=developer story=STORY-004-07 tokens=in:3300/out:2000
[2026-04-17T21:38:21Z] wrote row: agent=architect story=STORY-004-07 tokens=in:541/out:8337
[2026-04-17T21:42:03Z] wrote row: agent=architect story=STORY-004-07 tokens=in:567/out:13053
[2026-04-17T21:53:39Z] wrote row: agent=architect story=STORY-004-07 tokens=in:573/out:19392
[2026-04-17T23:00:13Z] wrote row: agent=architect story=STORY-004-07 tokens=in:577/out:22961
[2026-04-18T10:09:44Z] wrote row: agent=architect story=STORY-004-07 tokens=in:580/out:24418
[2026-04-18T10:13:09Z] wrote row: agent=architect story=STORY-004-07 tokens=in:584/out:28115
[2026-04-18T10:15:41Z] wrote row: agent=architect story=STORY-004-07 tokens=in:585/out:29308
[2026-04-18T10:24:20Z] wrote row: agent=architect story=STORY-004-07 tokens=in:589/out:33431
[2026-04-18T10:32:03Z] wrote row: agent=architect story=STORY-004-07 tokens=in:590/out:35602
[2026-04-18T10:34:50Z] wrote row: agent=architect story=STORY-004-07 tokens=in:592/out:37573
[2026-04-18T10:42:09Z] wrote row: agent=architect story=STORY-004-07 tokens=in:596/out:43737
[2026-04-18T11:01:04Z] wrote row: agent=architect story=STORY-004-07 tokens=in:605/out:59846
[2026-04-18T11:56:25Z] wrote row: agent=architect story=STORY-004-07 tokens=in:89/out:21963
[2026-04-18T11:59:12Z] wrote row: agent=architect story=STORY-004-07 tokens=in:97/out:29240
[2026-04-18T12:06:37Z] wrote row: agent=architect story=STORY-004-07 tokens=in:102/out:34634
[2026-04-18T12:08:20Z] wrote row: agent=architect story=STORY-004-07 tokens=in:104/out:37116
[2026-04-18T12:14:19Z] wrote row: agent=architect story=STORY-004-07 tokens=in:108/out:41420
[2026-04-18T12:17:59Z] wrote row: agent=architect story=STORY-004-07 tokens=in:109/out:42855
[2026-04-18T12:19:01Z] wrote row: agent=architect story=STORY-004-07 tokens=in:111/out:44755
[2026-04-18T12:20:54Z] wrote row: agent=architect story=STORY-004-07 tokens=in:112/out:45617
[2026-04-18T12:33:39Z] wrote row: agent=architect story=STORY-004-07 tokens=in:117/out:49522
[2026-04-18T12:35:42Z] wrote row: agent=architect story=STORY-004-07 tokens=in:118/out:50963
[2026-04-18T12:47:12Z] wrote row: agent=architect story=STORY-004-07 tokens=in:123/out:54544
[2026-04-18T12:49:15Z] wrote row: agent=architect story=STORY-004-07 tokens=in:124/out:55692
[2026-04-18T12:59:32Z] wrote row: agent=architect story=STORY-004-07 tokens=in:130/out:66522
[2026-04-18T13:10:05Z] wrote row: agent=architect story=STORY-004-07 tokens=in:142/out:88617
[2026-04-18T13:12:29Z] wrote row: agent=architect story=STORY-004-07 tokens=in:143/out:90408
[2026-04-18T13:28:33Z] wrote row: agent=architect story=STORY-004-07 tokens=in:148/out:95445
[2026-04-18T13:31:23Z] wrote row: agent=architect story=STORY-004-07 tokens=in:149/out:97201
[2026-04-18T13:37:19Z] wrote row: agent=architect story=STORY-004-07 tokens=in:154/out:102966
[2026-04-18T13:42:24Z] wrote row: agent=architect story=STORY-004-07 tokens=in:155/out:104823
[2026-04-18T13:44:11Z] wrote row: agent=architect story=STORY-004-07 tokens=in:157/out:107779
[2026-04-18T13:46:03Z] wrote row: agent=architect story=STORY-004-07 tokens=in:158/out:108862
[2026-04-18T13:53:58Z] wrote row: agent=architect story=STORY-004-07 tokens=in:163/out:114355
[2026-04-18T23:00:08Z] wrote row: agent=architect story=STORY-006-01 tokens=in:688/out:602345
[2026-04-18T23:03:44Z] wrote row: agent=architect story=STORY-006-01 tokens=in:694/out:609797
[2026-04-18T23:04:54Z] wrote row: agent=architect story=STORY-006-01 tokens=in:712/out:615644
[2026-04-18T23:55:42Z] wrote row: agent=architect story=STORY-006-01 tokens=in:823/out:672664
[2026-04-19T00:01:05Z] wrote row: agent=architect story=STORY-006-01 tokens=in:828/out:699034
[2026-04-19T00:02:01Z] wrote row: agent=architect story=STORY-006-01 tokens=in:828/out:699034
[2026-04-19T00:02:26Z] wrote row: agent=architect story=STORY-006-01 tokens=in:828/out:699034
[2026-04-19T00:11:41Z] wrote row: agent=architect story=STORY-006-01 tokens=in:926/out:732851
[2026-04-19T00:11:44Z] wrote row: agent=architect story=STORY-006-01 tokens=in:926/out:732851
[2026-04-19T00:12:28Z] wrote row: agent=architect story=STORY-006-01 tokens=in:926/out:732851
[2026-04-19T00:18:20Z] wrote row: agent=architect story=STORY-006-01 tokens=in:929/out:747911
[2026-04-19T00:25:52Z] wrote row: agent=architect story=STORY-006-01 tokens=in:935/out:767582
[2026-04-19T00:28:18Z] wrote row: agent=architect story=STORY-006-01 tokens=in:938/out:774746
[2026-04-19T00:36:23Z] wrote row: agent=architect story=STORY-006-01 tokens=in:942/out:804274
[2026-04-19T00:37:53Z] wrote row: agent=architect story=STORY-006-01 tokens=in:942/out:804274
[2026-04-19T00:40:52Z] wrote row: agent=architect story=STORY-006-01 tokens=in:946/out:822282
[2026-04-19T00:41:28Z] wrote row: agent=architect story=STORY-006-01 tokens=in:946/out:822282
[2026-04-19T00:47:39Z] wrote row: agent=architect story=STORY-006-01 tokens=in:964/out:840045
[2026-04-19T00:59:49Z] wrote row: agent=architect story=STORY-006-01 tokens=in:967/out:850740
[2026-04-19T01:03:43Z] wrote row: agent=architect story=STORY-006-01 tokens=in:970/out:857517
[2026-04-19T01:16:00Z] wrote row: agent=architect story=STORY-006-01 tokens=in:973/out:872160
[2026-04-19T01:20:16Z] wrote row: agent=architect story=STORY-006-01 tokens=in:976/out:883071
[2026-04-19T01:33:07Z] wrote row: agent=architect story=STORY-006-01 tokens=in:1008/out:907515
[2026-04-19T01:57:40Z] no transcript_path (session=smoke)
[2026-04-19T12:32:41Z] no .active sentinel — bucketing as _off-sprint
[2026-04-19T12:32:41Z] wrote row: sprint=_off-sprint agent=architect story=STORY-003-03 tokens=in:97/out:33197
[2026-04-19T12:51:50Z] routing to sprint=SPRINT-05 (sentinel)
[2026-04-19T12:51:50Z] work_item_id fallback grep: EPIC-002
[2026-04-19T12:51:50Z] wrote row: sprint=SPRINT-05 agent=architect work_item=EPIC-002 story= tokens=in:115/out:56780
[2026-04-19T12:57:01Z] routing to sprint=SPRINT-05 (sentinel)
[2026-04-19T12:57:01Z] work_item_id fallback grep: EPIC-002
[2026-04-19T12:57:01Z] wrote row: sprint=SPRINT-05 agent=architect work_item=EPIC-002 story= tokens=in:118/out:62012
[2026-04-19T12:59:17Z] routing to sprint=SPRINT-05 (sentinel)
[2026-04-19T12:59:17Z] work_item_id fallback grep: EPIC-002
[2026-04-19T12:59:17Z] wrote row: sprint=SPRINT-05 agent=architect work_item=EPIC-002 story= tokens=in:150/out:97360
[2026-04-19T12:59:37Z] routing to sprint=SPRINT-05 (sentinel)
[2026-04-19T12:59:38Z] work_item_id fallback grep: EPIC-002
[2026-04-19T12:59:38Z] wrote row: sprint=SPRINT-05 agent=architect work_item=EPIC-002 story= tokens=in:156/out:97408
[2026-04-19T13:00:52Z] routing to sprint=SPRINT-05 (sentinel)
[2026-04-19T13:00:52Z] work_item_id fallback grep: EPIC-002
[2026-04-19T13:00:52Z] wrote row: sprint=SPRINT-05 agent=architect work_item=EPIC-002 story= tokens=in:162/out:97483
[2026-04-19T13:02:11Z] routing to sprint=SPRINT-05 (sentinel)
[2026-04-19T13:02:11Z] work_item_id fallback grep: EPIC-002
[2026-04-19T13:02:11Z] wrote row: sprint=SPRINT-05 agent=architect work_item=EPIC-002 story= tokens=in:168/out:97539
[2026-04-19T13:06:56Z] routing to sprint=SPRINT-05 (sentinel)
[2026-04-19T13:06:56Z] work_item_id fallback grep: EPIC-002
[2026-04-19T13:06:56Z] wrote row: sprint=SPRINT-05 agent=architect work_item=EPIC-002 story= tokens=in:186/out:101412
[2026-04-19T13:12:30Z] routing to sprint=SPRINT-05 (sentinel)
[2026-04-19T13:12:30Z] work_item_id fallback grep: EPIC-002
[2026-04-19T13:12:30Z] wrote row: sprint=SPRINT-05 agent=architect work_item=EPIC-002 story= tokens=in:189/out:105888
[2026-04-19T13:14:37Z] routing to sprint=SPRINT-05 (sentinel)
[2026-04-19T13:14:37Z] work_item_id fallback grep: EPIC-002
[2026-04-19T13:14:37Z] wrote row: sprint=SPRINT-05 agent=architect work_item=EPIC-002 story= tokens=in:216/out:124694
[2026-04-19T13:21:47Z] routing to sprint=SPRINT-05 (sentinel)
[2026-04-19T13:21:48Z] work_item_id fallback grep: EPIC-002
[2026-04-19T13:21:48Z] wrote row: sprint=SPRINT-05 agent=architect work_item=EPIC-002 story= tokens=in:899/out:125472
[2026-04-19T13:27:40Z] routing to sprint=SPRINT-05 (sentinel)
[2026-04-19T13:27:40Z] work_item_id fallback grep: EPIC-002
[2026-04-19T13:27:40Z] wrote row: sprint=SPRINT-05 agent=architect work_item=EPIC-002 story= tokens=in:919/out:147729
[2026-04-19T13:33:20Z] routing to sprint=SPRINT-05 (sentinel)
[2026-04-19T13:33:20Z] work_item_id fallback grep: EPIC-002
[2026-04-19T13:33:20Z] wrote row: sprint=SPRINT-05 agent=architect work_item=EPIC-002 story= tokens=in:924/out:157313
[2026-04-19T13:33:42Z] routing to sprint=SPRINT-05 (sentinel)
[2026-04-19T13:33:42Z] work_item_id fallback grep: EPIC-002
[2026-04-19T13:33:42Z] wrote row: sprint=SPRINT-05 agent=architect work_item=EPIC-002 story= tokens=in:930/out:157372
[2026-04-19T13:39:12Z] routing to sprint=SPRINT-05 (sentinel)
[2026-04-19T13:39:12Z] work_item_id fallback grep: EPIC-002
[2026-04-19T13:39:13Z] wrote row: sprint=SPRINT-05 agent=architect work_item=EPIC-002 story= tokens=in:948/out:162166
[2026-04-24T23:32:23Z] no .active sentinel — bucketing as _off-sprint
[2026-04-24T23:32:24Z] work_item_id fallback grep: BUG-002
[2026-04-24T23:32:24Z] wrote row: sprint=_off-sprint agent=unknown work_item=BUG-002 story= tokens=in:14/out:1612 delta_from=0
[2026-04-24T23:40:00Z] no .active sentinel — bucketing as _off-sprint
[2026-04-24T23:40:00Z] work_item_id fallback grep: BUG-002
[2026-04-24T23:40:00Z] wrote row: sprint=_off-sprint agent=unknown work_item=BUG-002 story= tokens=in:29/out:5141 delta_from=0
[2026-04-25T00:29:25Z] no .active sentinel — bucketing as _off-sprint
[2026-04-25T00:29:26Z] work_item_id fallback grep: BUG-002
[2026-04-25T00:29:26Z] wrote row: sprint=_off-sprint agent=developer work_item=BUG-002 story= tokens=in:452/out:192837 delta_from=0
[2026-04-25T06:56:40Z] no .active sentinel — bucketing as _off-sprint
[2026-04-25T06:56:40Z] work_item_id fallback grep: BUG-002
[2026-04-25T06:56:40Z] wrote row: sprint=_off-sprint agent=architect work_item=BUG-002 story= tokens=in:64/out:53632 delta_from=0
[2026-04-25T07:03:41Z] no .active sentinel — bucketing as _off-sprint
[2026-04-25T07:03:42Z] work_item_id fallback grep: BUG-002
[2026-04-25T07:03:42Z] wrote row: sprint=_off-sprint agent=architect work_item=BUG-002 story= tokens=in:69/out:61546 delta_from=0
[2026-04-25T07:14:00Z] no .active sentinel — bucketing as _off-sprint
[2026-04-25T07:14:01Z] work_item_id fallback grep: BUG-002
[2026-04-25T07:14:01Z] wrote row: sprint=_off-sprint agent=architect work_item=BUG-002 story= tokens=in:75/out:77584 delta_from=0
[2026-04-25T07:28:43Z] no .active sentinel — bucketing as _off-sprint
[2026-04-25T07:28:43Z] work_item_id fallback grep: BUG-002
[2026-04-25T07:28:43Z] wrote row: sprint=_off-sprint agent=architect work_item=BUG-002 story= tokens=in:86/out:102385 delta_from=0
[2026-04-25T07:40:37Z] no .active sentinel — bucketing as _off-sprint
[2026-04-25T07:40:37Z] work_item_id fallback grep: BUG-002
[2026-04-25T07:40:37Z] wrote row: sprint=_off-sprint agent=architect work_item=BUG-002 story= tokens=in:90/out:105757 delta_from=0
[2026-04-25T07:51:15Z] no .active sentinel — bucketing as _off-sprint
[2026-04-25T07:51:15Z] work_item_id fallback grep: BUG-002
[2026-04-25T07:51:15Z] wrote row: sprint=_off-sprint agent=architect work_item=BUG-002 story= tokens=in:101/out:115844 delta_from=0
[2026-04-25T07:59:50Z] no .active sentinel — bucketing as _off-sprint
[2026-04-25T07:59:50Z] work_item_id fallback grep: BUG-002
[2026-04-25T07:59:50Z] wrote row: sprint=_off-sprint agent=architect work_item=BUG-002 story= tokens=in:103/out:122092 delta_from=0
[2026-04-25T08:05:45Z] no .active sentinel — bucketing as _off-sprint
[2026-04-25T08:05:45Z] work_item_id fallback grep: BUG-002
[2026-04-25T08:05:45Z] wrote row: sprint=_off-sprint agent=architect work_item=BUG-002 story= tokens=in:239/out:140495 delta_from=0
[2026-04-25T09:19:04Z] no .active sentinel — bucketing as _off-sprint
[2026-04-25T09:19:04Z] work_item_id fallback grep: BUG-002
[2026-04-25T09:19:04Z] wrote row: sprint=_off-sprint agent=architect work_item=BUG-002 story= tokens=in:280/out:167078 delta_from=0
[2026-04-25T09:59:48Z] no .active sentinel — bucketing as _off-sprint
[2026-04-25T09:59:48Z] work_item_id fallback grep: BUG-002
[2026-04-25T09:59:48Z] wrote row: sprint=_off-sprint agent=architect work_item=BUG-002 story= tokens=in:298/out:173863 delta_from=0
[2026-04-25T10:07:03Z] no .active sentinel — bucketing as _off-sprint
[2026-04-25T10:07:03Z] work_item_id fallback grep: BUG-002
[2026-04-25T10:07:03Z] wrote row: sprint=_off-sprint agent=architect work_item=BUG-002 story= tokens=in:347/out:180272 delta_from=0
