wiki ingest: create epics/EPIC-007.md
wiki ingest: create stories/STORY-007-00.md
wiki ingest: create stories/STORY-007-01.md
wiki ingest: create stories/STORY-007-02.md
wiki ingest: create stories/STORY-007-03.md
wiki ingest: cannot determine bucket for /Users/ssuladze/Documents/Dev/ClearGate/.cleargate/delivery/INDEX.md: deriveBucket: cannot determine bucket for filename: INDEX.md
wiki ingest: create epics/EPIC-008.md
wiki ingest: create stories/STORY-008-01.md
wiki ingest: create stories/STORY-008-02.md
wiki ingest: create stories/STORY-008-03.md
wiki ingest: create stories/STORY-008-04.md
wiki ingest: create stories/STORY-008-05.md
wiki ingest: create stories/STORY-008-06.md
wiki ingest: create stories/STORY-008-07.md
wiki ingest: create epics/EPIC-009.md
wiki ingest: create stories/STORY-009-01.md
wiki ingest: create stories/STORY-009-02.md
wiki ingest: create stories/STORY-009-03.md
wiki ingest: create stories/STORY-009-04.md
wiki ingest: create stories/STORY-009-05.md
wiki ingest: create stories/STORY-009-06.md
wiki ingest: create stories/STORY-009-07.md
wiki ingest: create stories/STORY-009-08.md
wiki ingest: cannot determine bucket for /Users/ssuladze/Documents/Dev/ClearGate/.cleargate/delivery/INDEX.md: deriveBucket: cannot determine bucket for filename: INDEX.md
wiki ingest: cannot determine bucket for /Users/ssuladze/Documents/Dev/ClearGate/.cleargate/delivery/INDEX.md: deriveBucket: cannot determine bucket for filename: INDEX.md
wiki ingest: cannot determine bucket for /Users/ssuladze/Documents/Dev/ClearGate/.cleargate/delivery/INDEX.md: deriveBucket: cannot determine bucket for filename: INDEX.md
wiki ingest: cannot determine bucket for /Users/ssuladze/Documents/Dev/ClearGate/.cleargate/delivery/INDEX.md: deriveBucket: cannot determine bucket for filename: INDEX.md
wiki ingest: cannot determine bucket for /Users/ssuladze/Documents/Dev/ClearGate/.cleargate/delivery/INDEX.md: deriveBucket: cannot determine bucket for filename: INDEX.md
wiki ingest: cannot determine bucket for /Users/ssuladze/Documents/Dev/ClearGate/.cleargate/delivery/INDEX.md: deriveBucket: cannot determine bucket for filename: INDEX.md
wiki ingest: update epics/EPIC-008.md
wiki ingest: update epics/EPIC-008.md
wiki ingest: update epics/EPIC-009.md
wiki ingest: update epics/EPIC-009.md
wiki ingest: update stories/STORY-008-04.md
wiki ingest: update stories/STORY-008-04.md
wiki ingest: update stories/STORY-008-06.md
wiki ingest: update stories/STORY-008-06.md
wiki ingest: update stories/STORY-008-07.md
wiki ingest: update stories/STORY-008-07.md
wiki ingest: update stories/STORY-009-04.md
wiki ingest: update stories/STORY-009-04.md
wiki ingest: update stories/STORY-009-08.md
wiki ingest: update stories/STORY-009-08.md
wiki ingest: cannot determine bucket for /Users/ssuladze/Documents/Dev/ClearGate/.cleargate/delivery/INDEX.md: deriveBucket: cannot determine bucket for filename: INDEX.md
wiki ingest: cannot determine bucket for /Users/ssuladze/Documents/Dev/ClearGate/.cleargate/delivery/INDEX.md: deriveBucket: cannot determine bucket for filename: INDEX.md
wiki ingest: cannot determine bucket for /Users/ssuladze/Documents/Dev/ClearGate/.cleargate/delivery/INDEX.md: deriveBucket: cannot determine bucket for filename: INDEX.md
wiki ingest: update sprints/SPRINT-05.md
wiki ingest: create sprints/SPRINT-06.md
wiki ingest: update sprints/SPRINT-06.md
wiki ingest: update sprints/SPRINT-06.md
wiki ingest: cannot determine bucket for /Users/ssuladze/Documents/Dev/ClearGate/.cleargate/delivery/INDEX.md: deriveBucket: cannot determine bucket for filename: INDEX.md
wiki ingest: update sprints/SPRINT-05.md
